<?xml version="1.0" encoding="UTF-8"?>
<testng-results ignored="0" total="11" passed="10" failed="1" skipped="0">
  <reporter-output>
  </reporter-output>
  <suite started-at="2024-02-24T07:59:24 IST" name="Suite" finished-at="2024-02-24T07:59:24 IST" duration-ms="148">
    <groups>
      <group name="regression">
        <method signature="TestClass1.testCase_002()[pri:0, instance:testcases.TestClass1@71def8f8]" name="testCase_002" class="testcases.TestClass1"/>
        <method signature="TestClass1.testCase_003()[pri:0, instance:testcases.TestClass1@71def8f8]" name="testCase_003" class="testcases.TestClass1"/>
        <method signature="TestClass2.testCase_005()[pri:0, instance:testcases.TestClass2@6cd28fa7]" name="testCase_005" class="testcases.TestClass2"/>
        <method signature="TestClass3.testCase_008()[pri:0, instance:testcases.TestClass3@66d3eec0]" name="testCase_008" class="testcases.TestClass3"/>
        <method signature="TestClass3.testCase_009()[pri:0, instance:testcases.TestClass3@66d3eec0]" name="testCase_009" class="testcases.TestClass3"/>
      </group> <!-- regression -->
      <group name="smoke">
        <method signature="TestClass1.testCase_001()[pri:0, instance:testcases.TestClass1@71def8f8]" name="testCase_001" class="testcases.TestClass1"/>
        <method signature="TestClass2.testCase_004()[pri:0, instance:testcases.TestClass2@6cd28fa7]" name="testCase_004" class="testcases.TestClass2"/>
        <method signature="TestClass2.testCase_006()[pri:0, instance:testcases.TestClass2@6cd28fa7]" name="testCase_006" class="testcases.TestClass2"/>
        <method signature="TestClass3.testCase_007()[pri:0, instance:testcases.TestClass3@66d3eec0]" name="testCase_007" class="testcases.TestClass3"/>
      </group> <!-- smoke -->
    </groups>
    <test started-at="2024-02-24T07:59:24 IST" name="Test" finished-at="2024-02-24T07:59:24 IST" duration-ms="148">
      <class name="testcases.TestClass3">
        <test-method signature="testCase_007()[pri:0, instance:testcases.TestClass3@66d3eec0]" started-at="2024-02-24T07:59:24 IST" name="testCase_007" finished-at="2024-02-24T07:59:24 IST" duration-ms="4" status="PASS">
          <reporter-output>
          </reporter-output>
        </test-method> <!-- testCase_007 -->
        <test-method signature="testCase_008()[pri:0, instance:testcases.TestClass3@66d3eec0]" started-at="2024-02-24T07:59:24 IST" name="testCase_008" finished-at="2024-02-24T07:59:24 IST" duration-ms="1" status="PASS">
          <reporter-output>
          </reporter-output>
        </test-method> <!-- testCase_008 -->
        <test-method signature="testCase_009()[pri:0, instance:testcases.TestClass3@66d3eec0]" started-at="2024-02-24T07:59:24 IST" name="testCase_009" finished-at="2024-02-24T07:59:24 IST" duration-ms="1" status="PASS">
          <reporter-output>
          </reporter-output>
        </test-method> <!-- testCase_009 -->
      </class> <!-- testcases.TestClass3 -->
      <class name="testcases.TestClass1">
        <test-method signature="testCase_001()[pri:0, instance:testcases.TestClass1@71def8f8]" started-at="2024-02-24T07:59:24 IST" name="testCase_001" finished-at="2024-02-24T07:59:24 IST" duration-ms="21" status="PASS">
          <reporter-output>
          </reporter-output>
        </test-method> <!-- testCase_001 -->
        <test-method signature="testCase_001()[pri:0, instance:testcases.TestClass1@71def8f8]" started-at="2024-02-24T07:59:24 IST" name="testCase_001" finished-at="2024-02-24T07:59:24 IST" duration-ms="2" status="PASS">
          <reporter-output>
          </reporter-output>
        </test-method> <!-- testCase_001 -->
        <test-method signature="testCase_001()[pri:0, instance:testcases.TestClass1@71def8f8]" started-at="2024-02-24T07:59:24 IST" name="testCase_001" finished-at="2024-02-24T07:59:24 IST" duration-ms="1" status="PASS">
          <reporter-output>
          </reporter-output>
        </test-method> <!-- testCase_001 -->
        <test-method signature="testCase_002()[pri:0, instance:testcases.TestClass1@71def8f8]" started-at="2024-02-24T07:59:24 IST" name="testCase_002" finished-at="2024-02-24T07:59:24 IST" duration-ms="2" status="FAIL">
          <exception class="java.lang.AssertionError">
            <message>
              <![CDATA[TestCase_002 failed..! expected [true] but found [false]]]>
            </message>
            <full-stacktrace>
              <![CDATA[java.lang.AssertionError: TestCase_002 failed..! expected [true] but found [false]
at org.testng.Assert.fail(Assert.java:99)
at org.testng.Assert.failNotEquals(Assert.java:1037)
at org.testng.Assert.assertTrue(Assert.java:45)
at testcases.TestClass1.testCase_002(TestClass1.java:19)
at java.base/jdk.internal.reflect.NativeMethodAccessorImpl.invoke0(Native Method)
at java.base/jdk.internal.reflect.NativeMethodAccessorImpl.invoke(NativeMethodAccessorImpl.java:77)
at java.base/jdk.internal.reflect.DelegatingMethodAccessorImpl.invoke(DelegatingMethodAccessorImpl.java:43)
at java.base/java.lang.reflect.Method.invoke(Method.java:568)
at org.testng.internal.MethodInvocationHelper.invokeMethod(MethodInvocationHelper.java:133)
at org.testng.internal.TestInvoker.invokeMethod(TestInvoker.java:598)
at org.testng.internal.TestInvoker.invokeTestMethod(TestInvoker.java:173)
at org.testng.internal.MethodRunner.runInSequence(MethodRunner.java:46)
at org.testng.internal.TestInvoker$MethodInvocationAgent.invoke(TestInvoker.java:824)
at org.testng.internal.TestInvoker.invokeTestMethods(TestInvoker.java:146)
at org.testng.internal.TestMethodWorker.invokeTestMethods(TestMethodWorker.java:146)
at org.testng.internal.TestMethodWorker.run(TestMethodWorker.java:128)
at java.base/java.util.ArrayList.forEach(ArrayList.java:1511)
at org.testng.TestRunner.privateRun(TestRunner.java:794)
at org.testng.TestRunner.run(TestRunner.java:596)
at org.testng.SuiteRunner.runTest(SuiteRunner.java:377)
at org.testng.SuiteRunner.runSequentially(SuiteRunner.java:371)
at org.testng.SuiteRunner.privateRun(SuiteRunner.java:332)
at org.testng.SuiteRunner.run(SuiteRunner.java:276)
at org.testng.SuiteRunnerWorker.runSuite(SuiteRunnerWorker.java:53)
at org.testng.SuiteRunnerWorker.run(SuiteRunnerWorker.java:96)
at org.testng.TestNG.runSuitesSequentially(TestNG.java:1212)
at org.testng.TestNG.runSuitesLocally(TestNG.java:1134)
at org.testng.TestNG.runSuites(TestNG.java:1063)
at org.testng.TestNG.run(TestNG.java:1031)
at org.testng.remote.AbstractRemoteTestNG.run(AbstractRemoteTestNG.java:115)
at org.testng.remote.RemoteTestNG.initAndRun(RemoteTestNG.java:251)
at org.testng.remote.RemoteTestNG.main(RemoteTestNG.java:77)
]]>
            </full-stacktrace>
          </exception> <!-- java.lang.AssertionError -->
          <reporter-output>
          </reporter-output>
        </test-method> <!-- testCase_002 -->
        <test-method signature="testCase_003()[pri:0, instance:testcases.TestClass1@71def8f8]" started-at="2024-02-24T07:59:24 IST" name="testCase_003" finished-at="2024-02-24T07:59:24 IST" duration-ms="1" status="PASS">
          <reporter-output>
          </reporter-output>
        </test-method> <!-- testCase_003 -->
      </class> <!-- testcases.TestClass1 -->
      <class name="testcases.TestClass2">
        <test-method signature="testCase_004()[pri:0, instance:testcases.TestClass2@6cd28fa7]" started-at="2024-02-24T07:59:24 IST" name="testCase_004" finished-at="2024-02-24T07:59:24 IST" duration-ms="2" status="PASS">
          <reporter-output>
          </reporter-output>
        </test-method> <!-- testCase_004 -->
        <test-method signature="testCase_005()[pri:0, instance:testcases.TestClass2@6cd28fa7]" started-at="2024-02-24T07:59:24 IST" name="testCase_005" finished-at="2024-02-24T07:59:24 IST" duration-ms="5" status="PASS">
          <reporter-output>
          </reporter-output>
        </test-method> <!-- testCase_005 -->
        <test-method signature="testCase_006()[pri:0, instance:testcases.TestClass2@6cd28fa7]" started-at="2024-02-24T07:59:24 IST" name="testCase_006" finished-at="2024-02-24T07:59:24 IST" duration-ms="5" status="PASS">
          <reporter-output>
          </reporter-output>
        </test-method> <!-- testCase_006 -->
      </class> <!-- testcases.TestClass2 -->
    </test> <!-- Test -->
  </suite> <!-- Suite -->
</testng-results>
